c:\users\nparo\source\repos\the plane strikes back\the_plane_strikes_back_naddanai\the_plan.d4650749\debug\vc143.pdb
c:\users\nparo\source\repos\the plane strikes back\the_plane_strikes_back_naddanai\the_plan.d4650749\debug\vc143.idb
c:\users\nparo\source\repos\the plane strikes back\the_plane_strikes_back_naddanai\the_plan.d4650749\debug\plane2_base_a.obj
c:\users\nparo\onedrive\gt - mahidol\class\itgt521 3d graphics and rendering\repos\the plane strikes back\the_plane_strikes_back_naddanai\the_plan.d4650749\debug\vc143.pdb
c:\users\nparo\onedrive\gt - mahidol\class\itgt521 3d graphics and rendering\repos\the plane strikes back\the_plane_strikes_back_naddanai\the_plan.d4650749\debug\vc143.idb
c:\users\nparo\onedrive\gt - mahidol\class\itgt521 3d graphics and rendering\repos\the plane strikes back\the_plane_strikes_back_naddanai\the_plan.d4650749\debug\plane2_base_a.obj
c:\users\nparo\source\repos\the plane strikes back\the_plane_strikes_back_naddanai\debug\the_plane_strikes_back_naddanai.exe
c:\users\nparo\source\repos\the plane strikes back\the_plane_strikes_back_naddanai\debug\the_plane_strikes_back_naddanai.pdb
c:\users\nparo\source\repos\the plane strikes back\the_plane_strikes_back_naddanai\the_plan.d4650749\debug\the_plane_strikes_back_naddanai.ilk
c:\users\nparo\onedrive\gt - mahidol\class\itgt521 3d graphics and rendering\repos\the plane strikes back\the_plane_strikes_back_naddanai\debug\the_plane_strikes_back_naddanai.pdb
c:\users\nparo\onedrive\gt - mahidol\class\itgt521 3d graphics and rendering\repos\the plane strikes back\the_plane_strikes_back_naddanai\the_plan.d4650749\debug\the_plan.d4650749.tlog\cl.command.1.tlog
c:\users\nparo\onedrive\gt - mahidol\class\itgt521 3d graphics and rendering\repos\the plane strikes back\the_plane_strikes_back_naddanai\the_plan.d4650749\debug\the_plan.d4650749.tlog\cl.items.tlog
c:\users\nparo\onedrive\gt - mahidol\class\itgt521 3d graphics and rendering\repos\the plane strikes back\the_plane_strikes_back_naddanai\the_plan.d4650749\debug\the_plan.d4650749.tlog\cl.read.1.tlog
c:\users\nparo\onedrive\gt - mahidol\class\itgt521 3d graphics and rendering\repos\the plane strikes back\the_plane_strikes_back_naddanai\the_plan.d4650749\debug\the_plan.d4650749.tlog\cl.write.1.tlog
c:\users\nparo\onedrive\gt - mahidol\class\itgt521 3d graphics and rendering\repos\the plane strikes back\the_plane_strikes_back_naddanai\the_plan.d4650749\debug\the_plan.d4650749.tlog\link-cvtres.read.1.tlog
c:\users\nparo\onedrive\gt - mahidol\class\itgt521 3d graphics and rendering\repos\the plane strikes back\the_plane_strikes_back_naddanai\the_plan.d4650749\debug\the_plan.d4650749.tlog\link-cvtres.write.1.tlog
c:\users\nparo\onedrive\gt - mahidol\class\itgt521 3d graphics and rendering\repos\the plane strikes back\the_plane_strikes_back_naddanai\the_plan.d4650749\debug\the_plan.d4650749.tlog\link-rc.read.1.tlog
c:\users\nparo\onedrive\gt - mahidol\class\itgt521 3d graphics and rendering\repos\the plane strikes back\the_plane_strikes_back_naddanai\the_plan.d4650749\debug\the_plan.d4650749.tlog\link-rc.write.1.tlog
c:\users\nparo\onedrive\gt - mahidol\class\itgt521 3d graphics and rendering\repos\the plane strikes back\the_plane_strikes_back_naddanai\the_plan.d4650749\debug\the_plan.d4650749.tlog\link.command.1.tlog
c:\users\nparo\onedrive\gt - mahidol\class\itgt521 3d graphics and rendering\repos\the plane strikes back\the_plane_strikes_back_naddanai\the_plan.d4650749\debug\the_plan.d4650749.tlog\link.read.1.tlog
c:\users\nparo\onedrive\gt - mahidol\class\itgt521 3d graphics and rendering\repos\the plane strikes back\the_plane_strikes_back_naddanai\the_plan.d4650749\debug\the_plan.d4650749.tlog\link.secondary.1.tlog
c:\users\nparo\onedrive\gt - mahidol\class\itgt521 3d graphics and rendering\repos\the plane strikes back\the_plane_strikes_back_naddanai\the_plan.d4650749\debug\the_plan.d4650749.tlog\link.write.1.tlog
